<?xml version="1.0" encoding="UTF-8"?>
<testsuite name="BinarySearchTreeTest" tests="4" skipped="0" failures="0" errors="0" timestamp="2025-03-12T18:27:35.741Z" hostname="XENO" time="0.025">
  <properties/>
  <testcase name="testPrintInOrder()" classname="BinarySearchTreeTest" time="0.02"/>
  <testcase name="testPrintPreOrder()" classname="BinarySearchTreeTest" time="0.001"/>
  <testcase name="testPrintReverseOrder()" classname="BinarySearchTreeTest" time="0.001"/>
  <testcase name="testPrintPostOrder()" classname="BinarySearchTreeTest" time="0.001"/>
  <system-out><![CDATA[]]></system-out>
  <system-err><![CDATA[]]></system-err>
</testsuite>
